Determining if the pthread_create exist failed with the following output:
Change Dir: /home/luigi/Documente/pa/proiect/resurse/environment/CMakeFiles/CMakeTmp

Run Build Command:"/usr/bin/make" "cmTC_c0ef5/fast"
/usr/bin/make -f CMakeFiles/cmTC_c0ef5.dir/build.make CMakeFiles/cmTC_c0ef5.dir/build
make[1]: Entering directory '/home/luigi/Documente/pa/proiect/resurse/environment/CMakeFiles/CMakeTmp'
Building C object CMakeFiles/cmTC_c0ef5.dir/CheckSymbolExists.c.o
/usr/bin/cc   -std=c99 -Wall -Wextra -Wundef -Wshadow -Wcast-align -Wcast-qual -Wstrict-prototypes    -o CMakeFiles/cmTC_c0ef5.dir/CheckSymbolExists.c.o   -c /home/luigi/Documente/pa/proiect/resurse/environment/CMakeFiles/CMakeTmp/CheckSymbolExists.c
Linking C executable cmTC_c0ef5
/usr/bin/cmake -E cmake_link_script CMakeFiles/cmTC_c0ef5.dir/link.txt --verbose=1
/usr/bin/cc  -std=c99 -Wall -Wextra -Wundef -Wshadow -Wcast-align -Wcast-qual -Wstrict-prototypes     -rdynamic CMakeFiles/cmTC_c0ef5.dir/CheckSymbolExists.c.o  -o cmTC_c0ef5 
CMakeFiles/cmTC_c0ef5.dir/CheckSymbolExists.c.o: În funcţia `main':
CheckSymbolExists.c:(.text+0x1b): referinţă nedefinită către `pthread_create'
collect2: error: ld returned 1 exit status
CMakeFiles/cmTC_c0ef5.dir/build.make:97: recipe for target 'cmTC_c0ef5' failed
make[1]: *** [cmTC_c0ef5] Error 1
make[1]: Leaving directory '/home/luigi/Documente/pa/proiect/resurse/environment/CMakeFiles/CMakeTmp'
Makefile:126: recipe for target 'cmTC_c0ef5/fast' failed
make: *** [cmTC_c0ef5/fast] Error 2

File /home/luigi/Documente/pa/proiect/resurse/environment/CMakeFiles/CMakeTmp/CheckSymbolExists.c:
/* */
#include <pthread.h>

int main(int argc, char** argv)
{
  (void)argv;
#ifndef pthread_create
  return ((int*)(&pthread_create))[argc];
#else
  (void)argc;
  return 0;
#endif
}

